Determining if the pthread_create exist failed with the following output:
Change Dir: /home/daniel/catkin_ws/build/CMakeFiles/CMakeTmp

Run Build Command:"/usr/bin/make" "cmTC_40234/fast"
/usr/bin/make -f CMakeFiles/cmTC_40234.dir/build.make CMakeFiles/cmTC_40234.dir/build
make[1]: se entra en el directorio '/home/daniel/catkin_ws/build/CMakeFiles/CMakeTmp'
Building C object CMakeFiles/cmTC_40234.dir/CheckSymbolExists.c.o
/usr/bin/cc    -o CMakeFiles/cmTC_40234.dir/CheckSymbolExists.c.o   -c /home/daniel/catkin_ws/build/CMakeFiles/CMakeTmp/CheckSymbolExists.c
Linking C executable cmTC_40234
/usr/bin/cmake -E cmake_link_script CMakeFiles/cmTC_40234.dir/link.txt --verbose=1
/usr/bin/cc      -rdynamic CMakeFiles/cmTC_40234.dir/CheckSymbolExists.c.o  -o cmTC_40234 
CMakeFiles/cmTC_40234.dir/CheckSymbolExists.c.o: En la función `main':
CheckSymbolExists.c:(.text+0x1b): referencia a `pthread_create' sin definir
collect2: error: ld returned 1 exit status
CMakeFiles/cmTC_40234.dir/build.make:97: recipe for target 'cmTC_40234' failed
make[1]: *** [cmTC_40234] Error 1
make[1]: se sale del directorio '/home/daniel/catkin_ws/build/CMakeFiles/CMakeTmp'
Makefile:126: recipe for target 'cmTC_40234/fast' failed
make: *** [cmTC_40234/fast] Error 2

File /home/daniel/catkin_ws/build/CMakeFiles/CMakeTmp/CheckSymbolExists.c:
/* */
#include <pthread.h>

int main(int argc, char** argv)
{
  (void)argv;
#ifndef pthread_create
  return ((int*)(&pthread_create))[argc];
#else
  (void)argc;
  return 0;
#endif
}

Determining if the function pthread_create exists in the pthreads failed with the following output:
Change Dir: /home/daniel/catkin_ws/build/CMakeFiles/CMakeTmp

Run Build Command:"/usr/bin/make" "cmTC_0be1f/fast"
/usr/bin/make -f CMakeFiles/cmTC_0be1f.dir/build.make CMakeFiles/cmTC_0be1f.dir/build
make[1]: se entra en el directorio '/home/daniel/catkin_ws/build/CMakeFiles/CMakeTmp'
Building C object CMakeFiles/cmTC_0be1f.dir/CheckFunctionExists.c.o
/usr/bin/cc   -DCHECK_FUNCTION_EXISTS=pthread_create   -o CMakeFiles/cmTC_0be1f.dir/CheckFunctionExists.c.o   -c /usr/share/cmake-3.10/Modules/CheckFunctionExists.c
Linking C executable cmTC_0be1f
/usr/bin/cmake -E cmake_link_script CMakeFiles/cmTC_0be1f.dir/link.txt --verbose=1
/usr/bin/cc  -DCHECK_FUNCTION_EXISTS=pthread_create    -rdynamic CMakeFiles/cmTC_0be1f.dir/CheckFunctionExists.c.o  -o cmTC_0be1f -lpthreads 
/usr/bin/ld: no se puede encontrar -lpthreads
collect2: error: ld returned 1 exit status
CMakeFiles/cmTC_0be1f.dir/build.make:97: recipe for target 'cmTC_0be1f' failed
make[1]: *** [cmTC_0be1f] Error 1
make[1]: se sale del directorio '/home/daniel/catkin_ws/build/CMakeFiles/CMakeTmp'
Makefile:126: recipe for target 'cmTC_0be1f/fast' failed
make: *** [cmTC_0be1f/fast] Error 2


